<?xml version="1.0" encoding="UTF-8"?>
<testsuite name="ProductInventoryTest" tests="7" skipped="0" failures="0" errors="0" timestamp="2024-08-31T16:10:55" hostname="DESKTOP-URGQT26" time="0.733">
  <properties/>
  <testcase name="isProductReady_productUtilityFindsNothing_returnsEmptyOptional()" classname="ProductInventoryTest" time="0.67"/>
  <testcase name="isProductReady_wrongItemNumber_throwsIllegalArgumentException()" classname="ProductInventoryTest" time="0.008"/>
  <testcase name="findProductNames_productUtilityFindsNames_returnsPopulatedMap()" classname="ProductInventoryTest" time="0.011"/>
  <testcase name="findProductNames_nullProductUtility_throwsIllegalArgumentException()" classname="ProductInventoryTest" time="0.004"/>
  <testcase name="isProductReady_productIsReady_returnsPopulatedOptional()" classname="ProductInventoryTest" time="0.005"/>
  <testcase name="findProductNames_nullProductIDs_throwsIllegalArgumentException()" classname="ProductInventoryTest" time="0.008"/>
  <testcase name="findProductNames_productUtilityFindsNothing_returnsEmptyMap()" classname="ProductInventoryTest" time="0.014"/>
  <system-out><![CDATA[]]></system-out>
  <system-err><![CDATA[]]></system-err>
</testsuite>
